ERROR:40:シンボルを見つけられません\n  シンボル\d   メソッド getCode()\n  場所\d タイプcom.ican.model.vo.request.CodeReqの変数 codeReq
ERROR:42:シンボルを見つけられません\n  シンボル\d   メソッド getAccess_token()\n  場所\d タイプcom.ican.model.dto.TokenDTOの変数 qqToken
ERROR:44:シンボルを見つけられません\n  シンボル\d   メソッド builder()\n  場所\d クラス com.ican.model.dto.SocialTokenDTO
ERROR:45:シンボルを見つけられません\n  シンボル\d   メソッド getOpenid()\n  場所\d タイプcom.ican.model.dto.QqTokenDTOの変数 userOpenId
ERROR:46:シンボルを見つけられません\n  シンボル\d   メソッド getAccess_token()\n  場所\d タイプcom.ican.model.dto.TokenDTOの変数 qqToken
ERROR:47:シンボルを見つけられません\n  シンボル\d   メソッド getLoginType()\n  場所\d タイプcom.ican.enums.LoginTypeEnumの変数 QQ
ERROR:55:シンボルを見つけられません\n  シンボル\d   メソッド getOpenId()\n  場所\d タイプcom.ican.model.dto.SocialTokenDTOの変数 socialToken
ERROR:56:シンボルを見つけられません\n  シンボル\d   メソッド getAccessToken()\n  場所\d タイプcom.ican.model.dto.SocialTokenDTOの変数 socialToken
ERROR:57:シンボルを見つけられません\n  シンボル\d   メソッド getAppId()\n  場所\d タイプcom.ican.config.properties.QqPropertiesの変数 qqProperties
ERROR:58:シンボルを見つけられません\n  シンボル\d   メソッド getUserInfoUrl()\n  場所\d タイプcom.ican.config.properties.QqPropertiesの変数 qqProperties
ERROR:63:シンボルを見つけられません\n  シンボル\d   メソッド builder()\n  場所\d クラス com.ican.model.dto.SocialUserInfoDTO
ERROR:64:シンボルを見つけられません\n  シンボル\d   メソッド getOpenId()\n  場所\d タイプcom.ican.model.dto.SocialTokenDTOの変数 socialToken
ERROR:65:シンボルを見つけられません\n  シンボル\d   メソッド getNickname()\n  場所\d クラス com.ican.model.dto.QqUserInfoDTO
ERROR:66:シンボルを見つけられません\n  シンボル\d   メソッド getFigureurl_qq_1()\n  場所\d タイプcom.ican.model.dto.QqUserInfoDTOの変数 qqUserInfo
ERROR:81:シンボルを見つけられません\n  シンボル\d   メソッド getGrantType()\n  場所\d タイプcom.ican.config.properties.QqPropertiesの変数 qqProperties
ERROR:82:シンボルを見つけられません\n  シンボル\d   メソッド getAppId()\n  場所\d タイプcom.ican.config.properties.QqPropertiesの変数 qqProperties
ERROR:83:シンボルを見つけられません\n  シンボル\d   メソッド getAppKey()\n  場所\d タイプcom.ican.config.properties.QqPropertiesの変数 qqProperties
ERROR:85:シンボルを見つけられません\n  シンボル\d   メソッド getRedirectUrl()\n  場所\d タイプcom.ican.config.properties.QqPropertiesの変数 qqProperties
ERROR:87:シンボルを見つけられません\n  シンボル\d   メソッド getAccessTokenUrl()\n  場所\d タイプcom.ican.config.properties.QqPropertiesの変数 qqProperties
ERROR:91:シンボルを見つけられません\n  シンボル\d   変数 log\n  場所\d クラス com.ican.strategy.impl.QqLoginStrategyImpl
ERROR:108:シンボルを見つけられません\n  シンボル\d   メソッド getUserOpenIdUrl()\n  場所\d タイプcom.ican.config.properties.QqPropertiesの変数 qqProperties
ERROR:112:シンボルを見つけられません\n  シンボル\d   変数 log\n  場所\d クラス com.ican.strategy.impl.QqLoginStrategyImpl
