ERROR:66:シンボルを見つけられません\n  シンボル\d   メソッド getFilePath()\n  場所\d タイプcom.ican.model.vo.query.FileQueryの変数 fileQuery
ERROR:66:メソッド参照が無効です\n  シンボルを見つけられません\n    シンボル\d   メソッド getFilePath()\n    場所\d クラス com.ican.entity.BlogFile
ERROR:72:com.ican.model.vo.PageResult<>の型引数を推論できません\n  理由\d 型変数Tを推論できません\n    (実引数リストと仮引数リストの長さが異なります)
ERROR:89:メソッド参照が無効です\n  シンボルを見つけられません\n    シンボル\d   メソッド getId()\n    場所\d クラス com.ican.entity.BlogFile
ERROR:90:メソッド参照が無効です\n  シンボルを見つけられません\n    シンボル\d   メソッド getFileName()\n    場所\d クラス com.ican.entity.BlogFile
ERROR:91:メソッド参照が無効です\n  シンボルを見つけられません\n    シンボル\d   メソッド getFilePath()\n    場所\d クラス com.ican.entity.BlogFile
ERROR:96:シンボルを見つけられません\n  シンボル\d   メソッド builder()\n  場所\d クラス com.ican.entity.BlogFile
ERROR:106:不適合な型\d java.lang.Stringをjava.lang.Throwableに変換できません\d
ERROR:112:シンボルを見つけられません\n  シンボル\d   メソッド getFileName()\n  場所\d タイプcom.ican.model.vo.request.FolderReqの変数 folder
ERROR:113:シンボルを見つけられません\n  シンボル\d   メソッド getFilePath()\n  場所\d タイプcom.ican.model.vo.request.FolderReqの変数 folder
ERROR:116:メソッド参照が無効です\n  シンボルを見つけられません\n    シンボル\d   メソッド getId()\n    場所\d クラス com.ican.entity.BlogFile
ERROR:117:メソッド参照が無効です\n  シンボルを見つけられません\n    シンボル\d   メソッド getFilePath()\n    場所\d クラス com.ican.entity.BlogFile
ERROR:117:シンボルを見つけられません\n  シンボル\d   メソッド getFilePath()\n  場所\d タイプcom.ican.model.vo.request.FolderReqの変数 folder
ERROR:118:メソッド参照が無効です\n  シンボルを見つけられません\n    シンボル\d   メソッド getFileName()\n    場所\d クラス com.ican.entity.BlogFile
ERROR:123:シンボルを見つけられません\n  シンボル\d   メソッド builder()\n  場所\d クラス com.ican.entity.BlogFile
ERROR:137:メソッド参照が無効です\n  シンボルを見つけられません\n    シンボル\d   メソッド getIsDir()\n    場所\d クラス com.ican.entity.BlogFile
ERROR:137:メソッド参照が無効です\n  シンボルを見つけられません\n    シンボル\d   メソッド getExtendName()\n    場所\d クラス com.ican.entity.BlogFile
ERROR:137:メソッド参照が無効です\n  シンボルを見つけられません\n    シンボル\d   メソッド getFilePath()\n    場所\d クラス com.ican.entity.BlogFile
ERROR:137:メソッド参照が無効です\n  シンボルを見つけられません\n    シンボル\d   メソッド getFileName()\n    場所\d クラス com.ican.entity.BlogFile
ERROR:138:メソッド参照が無効です\n  シンボルを見つけられません\n    シンボル\d   メソッド getId()\n    場所\d クラス com.ican.entity.BlogFile
ERROR:143:シンボルを見つけられません\n  シンボル\d   メソッド getFilePath()\n  場所\d タイプcom.ican.entity.BlogFileの変数 blogFile
ERROR:143:シンボルを見つけられません\n  シンボル\d   メソッド getFileName()\n  場所\d タイプcom.ican.entity.BlogFileの変数 blogFile
ERROR:144:シンボルを見つけられません\n  シンボル\d   メソッド getIsDir()\n  場所\d タイプcom.ican.entity.BlogFileの変数 blogFile
ERROR:146:シンボルを見つけられません\n  シンボル\d   メソッド getFilePath()\n  場所\d タイプcom.ican.entity.BlogFileの変数 blogFile
ERROR:146:シンボルを見つけられません\n  シンボル\d   メソッド getFileName()\n  場所\d タイプcom.ican.entity.BlogFileの変数 blogFile
ERROR:147:メソッド参照が無効です\n  シンボルを見つけられません\n    シンボル\d   メソッド getFilePath()\n    場所\d クラス com.ican.entity.BlogFile
ERROR:155:シンボルを見つけられません\n  シンボル\d   メソッド getExtendName()\n  場所\d タイプcom.ican.entity.BlogFileの変数 blogFile
ERROR:167:メソッド参照が無効です\n  シンボルを見つけられません\n    シンボル\d   メソッド getIsDir()\n    場所\d クラス com.ican.entity.BlogFile
ERROR:167:メソッド参照が無効です\n  シンボルを見つけられません\n    シンボル\d   メソッド getExtendName()\n    場所\d クラス com.ican.entity.BlogFile
ERROR:166:メソッド参照が無効です\n  シンボルを見つけられません\n    シンボル\d   メソッド getFileName()\n    場所\d クラス com.ican.entity.BlogFile
ERROR:166:メソッド参照が無効です\n  シンボルを見つけられません\n    シンボル\d   メソッド getFilePath()\n    場所\d クラス com.ican.entity.BlogFile
ERROR:168:メソッド参照が無効です\n  シンボルを見つけられません\n    シンボル\d   メソッド getId()\n    場所\d クラス com.ican.entity.BlogFile
ERROR:170:シンボルを見つけられません\n  シンボル\d   メソッド getFilePath()\n  場所\d タイプcom.ican.entity.BlogFileの変数 blogFile
ERROR:172:シンボルを見つけられません\n  シンボル\d   メソッド getIsDir()\n  場所\d タイプcom.ican.entity.BlogFileの変数 blogFile
ERROR:173:シンボルを見つけられません\n  シンボル\d   メソッド getFileName()\n  場所\d タイプcom.ican.entity.BlogFileの変数 blogFile
ERROR:173:シンボルを見つけられません\n  シンボル\d   メソッド getExtendName()\n  場所\d タイプcom.ican.entity.BlogFileの変数 blogFile
ERROR:177:シンボルを見つけられません\n  シンボル\d   メソッド getFileName()\n  場所\d タイプcom.ican.entity.BlogFileの変数 blogFile
ERROR:186:シンボルを見つけられません\n  シンボル\d   メソッド getFileName()\n  場所\d タイプcom.ican.entity.BlogFileの変数 blogFile
ERROR:188:不適合な型\d java.lang.Stringをjava.lang.Throwableに変換できません\d
