ERROR:46:メソッド参照が無効です\n  シンボルを見つけられません\n    シンボル\d   メソッド getId()\n    場所\d クラス com.ican.model.vo.response.MenuResp
ERROR:49:シンボルを見つけられません\n  シンボル\d   メソッド getParentId()\n  場所\d タイプcom.ican.model.vo.response.MenuRespの変数 menuVO
ERROR:62:メソッド参照が無効です\n  シンボルを見つけられません\n    シンボル\d   メソッド getId()\n    場所\d クラス com.ican.entity.Menu
ERROR:63:メソッド参照が無効です\n  シンボルを見つけられません\n    シンボル\d   メソッド getMenuName()\n    場所\d クラス com.ican.entity.Menu
ERROR:63:シンボルを見つけられません\n  シンボル\d   メソッド getMenuName()\n  場所\d タイプcom.ican.model.vo.request.MenuReqの変数 menu
ERROR:64:シンボルを見つけられません\n  シンボル\d   メソッド getMenuName()\n  場所\d タイプcom.ican.model.vo.request.MenuReqの変数 menu
ERROR:72:メソッド参照が無効です\n  シンボルを見つけられません\n    シンボル\d   メソッド getParentId()\n    場所\d クラス com.ican.entity.Menu
ERROR:76:メソッド参照が無効です\n  シンボルを見つけられません\n    シンボル\d   メソッド getMenuId()\n    場所\d クラス com.ican.entity.RoleMenu
ERROR:85:メソッド参照が無効です\n  シンボルを見つけられません\n    シンボル\d   メソッド getId()\n    場所\d クラス com.ican.entity.Menu
ERROR:86:メソッド参照が無効です\n  シンボルを見つけられません\n    シンボル\d   メソッド getMenuName()\n    場所\d クラス com.ican.entity.Menu
ERROR:86:シンボルを見つけられません\n  シンボル\d   メソッド getMenuName()\n  場所\d タイプcom.ican.model.vo.request.MenuReqの変数 menu
ERROR:87:シンボルを見つけられません\n  シンボル\d   メソッド getId()\n  場所\d タイプcom.ican.entity.Menuの変数 existMenu
ERROR:87:シンボルを見つけられません\n  シンボル\d   メソッド getId()\n  場所\d タイプcom.ican.model.vo.request.MenuReqの変数 menu
ERROR:88:シンボルを見つけられません\n  シンボル\d   メソッド getMenuName()\n  場所\d タイプcom.ican.model.vo.request.MenuReqの変数 menu
ERROR:116:シンボルを見つけられません\n  シンボル\d   メソッド getParentId()\n  場所\d タイプcom.ican.model.vo.response.MenuRespの変数 menuVO
ERROR:117:シンボルを見つけられません\n  シンボル\d   メソッド getId()\n  場所\d タイプcom.ican.model.vo.response.MenuRespの変数 menuVO
ERROR:130:シンボルを見つけられません\n  シンボル\d   メソッド getParentId()\n  場所\d タイプcom.ican.model.vo.response.MenuTreeRespの変数 menu
ERROR:131:シンボルを見つけられません\n  シンボル\d   メソッド getId()\n  場所\d タイプcom.ican.model.vo.response.MenuTreeRespの変数 menu
ERROR:144:シンボルを見つけられません\n  シンボル\d   メソッド getParentId()\n  場所\d タイプcom.ican.model.vo.response.MenuOptionRespの変数 menu
ERROR:145:シンボルを見つけられません\n  シンボル\d   メソッド getValue()\n  場所\d タイプcom.ican.model.vo.response.MenuOptionRespの変数 menu
