ERROR:49:シンボルを見つけられません\n  シンボル\d   メソッド getKeyword()\n  場所\d タイプcom.ican.model.vo.query.TagQueryの変数 tagQuery
ERROR:48:メソッド参照が無効です\n  シンボルを見つけられません\n    シンボル\d   メソッド getTagName()\n    場所\d クラス com.ican.entity.Tag
ERROR:48:シンボルを見つけられません\n  シンボル\d   メソッド getKeyword()\n  場所\d タイプcom.ican.model.vo.query.TagQueryの変数 tagQuery
ERROR:55:com.ican.model.vo.PageResult<>の型引数を推論できません\n  理由\d 型変数Tを推論できません\n    (実引数リストと仮引数リストの長さが異なります)
ERROR:61:メソッド参照が無効です\n  シンボルを見つけられません\n    シンボル\d   メソッド getId()\n    場所\d クラス com.ican.entity.Tag
ERROR:62:メソッド参照が無効です\n  シンボルを見つけられません\n    シンボル\d   メソッド getTagName()\n    場所\d クラス com.ican.entity.Tag
ERROR:62:シンボルを見つけられません\n  シンボル\d   メソッド getTagName()\n  場所\d タイプcom.ican.model.vo.request.TagReqの変数 tag
ERROR:63:シンボルを見つけられません\n  シンボル\d   メソッド getTagName()\n  場所\d タイプcom.ican.model.vo.request.TagReqの変数 tag
ERROR:65:シンボルを見つけられません\n  シンボル\d   メソッド builder()\n  場所\d クラス com.ican.entity.Tag
ERROR:66:シンボルを見つけられません\n  シンボル\d   メソッド getTagName()\n  場所\d タイプcom.ican.model.vo.request.TagReqの変数 tag
ERROR:74:メソッド参照が無効です\n  シンボルを見つけられません\n    シンボル\d   メソッド getTagId()\n    場所\d クラス com.ican.entity.ArticleTag
ERROR:83:メソッド参照が無効です\n  シンボルを見つけられません\n    シンボル\d   メソッド getId()\n    場所\d クラス com.ican.entity.Tag
ERROR:84:メソッド参照が無効です\n  シンボルを見つけられません\n    シンボル\d   メソッド getTagName()\n    場所\d クラス com.ican.entity.Tag
ERROR:84:シンボルを見つけられません\n  シンボル\d   メソッド getTagName()\n  場所\d タイプcom.ican.model.vo.request.TagReqの変数 tag
ERROR:85:シンボルを見つけられません\n  シンボル\d   メソッド getId()\n  場所\d タイプcom.ican.entity.Tagの変数 existTag
ERROR:85:シンボルを見つけられません\n  シンボル\d   メソッド getId()\n  場所\d タイプcom.ican.model.vo.request.TagReqの変数 tag
ERROR:86:シンボルを見つけられません\n  シンボル\d   メソッド getTagName()\n  場所\d タイプcom.ican.model.vo.request.TagReqの変数 tag
ERROR:88:シンボルを見つけられません\n  シンボル\d   メソッド builder()\n  場所\d クラス com.ican.entity.Tag
ERROR:89:シンボルを見つけられません\n  シンボル\d   メソッド getId()\n  場所\d タイプcom.ican.model.vo.request.TagReqの変数 tag
ERROR:90:シンボルを見つけられません\n  シンボル\d   メソッド getTagName()\n  場所\d タイプcom.ican.model.vo.request.TagReqの変数 tag
ERROR:106:メソッド参照が無効です\n  シンボルを見つけられません\n    シンボル\d   メソッド getTagName()\n    場所\d クラス com.ican.entity.Tag
ERROR:107:メソッド参照が無効です\n  シンボルを見つけられません\n    シンボル\d   メソッド getId()\n    場所\d クラス com.ican.entity.Tag
ERROR:107:シンボルを見つけられません\n  シンボル\d   メソッド getTagId()\n  場所\d タイプcom.ican.model.vo.query.ArticleConditionQueryの変数 articleConditionQuery
ERROR:109:シンボルを見つけられません\n  シンボル\d   メソッド builder()\n  場所\d クラス com.ican.model.vo.response.ArticleConditionList
