ERROR:69:シンボルを見つけられません\n  シンボル\d   メソッド getCronExpression()\n  場所\d タイプcom.ican.model.vo.response.TaskBackRespの変数 item
ERROR:70:シンボルを見つけられません\n  シンボル\d   メソッド getCronExpression()\n  場所\d タイプcom.ican.model.vo.response.TaskBackRespの変数 item
ERROR:71:シンボルを見つけられません\n  シンボル\d   メソッド setNextValidTime(java.util.Date)\n  場所\d タイプcom.ican.model.vo.response.TaskBackRespの変数 item
ERROR:73:シンボルを見つけられません\n  シンボル\d   メソッド setNextValidTime(<nulltype>)\n  場所\d タイプcom.ican.model.vo.response.TaskBackRespの変数 item
ERROR:76:com.ican.model.vo.PageResult<>の型引数を推論できません\n  理由\d 型変数Tを推論できません\n    (実引数リストと仮引数リストの長さが異なります)
ERROR:80:シンボルを見つけられません\n  シンボル\d   メソッド getCronExpression()\n  場所\d タイプcom.ican.model.vo.request.TaskReqの変数 task
ERROR:91:シンボルを見つけられません\n  シンボル\d   メソッド getCronExpression()\n  場所\d タイプcom.ican.model.vo.request.TaskReqの変数 task
ERROR:92:シンボルを見つけられません\n  シンボル\d   メソッド getId()\n  場所\d タイプcom.ican.model.vo.request.TaskReqの変数 task
ERROR:98:シンボルを見つけられません\n  シンボル\d   メソッド getTaskGroup()\n  場所\d タイプcom.ican.entity.Taskの変数 existTask
ERROR:107:メソッド参照が無効です\n  シンボルを見つけられません\n    シンボル\d   メソッド getId()\n    場所\d クラス com.ican.entity.Task
ERROR:107:メソッド参照が無効です\n  シンボルを見つけられません\n    シンボル\d   メソッド getTaskGroup()\n    場所\d クラス com.ican.entity.Task
ERROR:108:メソッド参照が無効です\n  シンボルを見つけられません\n    シンボル\d   メソッド getId()\n    場所\d クラス com.ican.entity.Task
ERROR:110:メソッド参照が無効です\n  シンボルを見つけられません\n    シンボル\d   メソッド getId()\n    場所\d クラス com.ican.entity.Task
ERROR:114:シンボルを見つけられません\n  シンボル\d   メソッド getId()\n  場所\d タイプcom.ican.entity.Taskの変数 task
ERROR:114:シンボルを見つけられません\n  シンボル\d   メソッド getTaskGroup()\n  場所\d タイプcom.ican.entity.Taskの変数 task
ERROR:123:シンボルを見つけられません\n  シンボル\d   メソッド getId()\n  場所\d タイプcom.ican.model.vo.request.StatusReqの変数 taskStatus
ERROR:125:シンボルを見つけられません\n  シンボル\d   メソッド getStatus()\n  場所\d タイプcom.ican.entity.Taskの変数 task
ERROR:125:シンボルを見つけられません\n  シンボル\d   メソッド getStatus()\n  場所\d タイプcom.ican.model.vo.request.StatusReqの変数 taskStatus
ERROR:129:シンボルを見つけられません\n  シンボル\d   メソッド builder()\n  場所\d クラス com.ican.entity.Task
ERROR:130:シンボルを見つけられません\n  シンボル\d   メソッド getId()\n  場所\d タイプcom.ican.model.vo.request.StatusReqの変数 taskStatus
ERROR:131:シンボルを見つけられません\n  シンボル\d   メソッド getStatus()\n  場所\d タイプcom.ican.model.vo.request.StatusReqの変数 taskStatus
ERROR:135:シンボルを見つけられません\n  シンボル\d   メソッド getStatus()\n  場所\d タイプcom.ican.model.vo.request.StatusReqの変数 taskStatus
ERROR:136:シンボルを見つけられません\n  シンボル\d   メソッド getId()\n  場所\d タイプcom.ican.entity.Taskの変数 task
ERROR:137:シンボルを見つけられません\n  シンボル\d   メソッド getTaskGroup()\n  場所\d タイプcom.ican.entity.Taskの変数 task
ERROR:141:シンボルを見つけられません\n  シンボル\d   メソッド getStatus()\n  場所\d タイプcom.ican.enums.TaskStatusEnumの変数 RUNNING
ERROR:144:シンボルを見つけられません\n  シンボル\d   メソッド getStatus()\n  場所\d タイプcom.ican.enums.TaskStatusEnumの変数 PAUSE
ERROR:154:シンボルを見つけられません\n  シンボル\d   メソッド getId()\n  場所\d タイプcom.ican.model.vo.request.TaskRunReqの変数 taskRun
ERROR:155:シンボルを見つけられません\n  シンボル\d   メソッド getTaskGroup()\n  場所\d タイプcom.ican.model.vo.request.TaskRunReqの変数 taskRun
ERROR:157:シンボルを見つけられません\n  シンボル\d   メソッド getId()\n  場所\d タイプcom.ican.model.vo.request.TaskRunReqの変数 taskRun
ERROR:175:シンボルを見つけられません\n  シンボル\d   メソッド getId()\n  場所\d タイプcom.ican.entity.Taskの変数 task
ERROR:99:例外org.quartz.SchedulerExceptionは対応するtry文の本体ではスローされません
ERROR:115:例外org.quartz.SchedulerExceptionは対応するtry文の本体ではスローされません
